0 info it worked if it ends with ok
1 verbose cli [ 'node', '/usr/local/bin/npm', 'install', '-g', 'bower' ]
2 info using npm@2.7.4
3 info using node@v0.12.2
4 silly cache add args [ 'bower', null ]
5 verbose cache add spec bower
6 silly cache add parsed spec { raw: 'bower',
6 silly cache add   scope: null,
6 silly cache add   name: 'bower',
6 silly cache add   rawSpec: '',
6 silly cache add   spec: '*',
6 silly cache add   type: 'range' }
7 verbose addNamed bower@*
8 silly addNamed semver.valid null
9 silly addNamed semver.validRange *
10 silly addNameRange { name: 'bower', range: '*', hasData: false }
11 silly mapToRegistry name bower
12 silly mapToRegistry using default registry
13 silly mapToRegistry registry https://registry.npmjs.org/
14 silly mapToRegistry uri https://registry.npmjs.org/bower
15 verbose addNameRange registry:https://registry.npmjs.org/bower not in flight; fetching
16 verbose request uri https://registry.npmjs.org/bower
17 verbose request no auth needed
18 info attempt registry request try #1 at 6:35:30 AM
19 verbose request id 4d8c32881982844f
20 http request GET https://registry.npmjs.org/bower
21 http 200 https://registry.npmjs.org/bower
22 silly get cb [ 200,
22 silly get   { server: 'CouchDB/1.5.0 (Erlang OTP/R16B03)',
22 silly get     etag: '"3BIE26BVHCA7KD33EYAJ4WOSH"',
22 silly get     'content-type': 'application/json',
22 silly get     'cache-control': 'max-age=60',
22 silly get     'content-length': '120185',
22 silly get     'accept-ranges': 'bytes',
22 silly get     date: 'Mon, 07 Sep 2015 13:35:30 GMT',
22 silly get     via: '1.1 varnish',
22 silly get     age: '57',
22 silly get     connection: 'keep-alive',
22 silly get     'x-served-by': 'cache-sjc3131-SJC',
22 silly get     'x-cache': 'HIT',
22 silly get     'x-cache-hits': '2',
22 silly get     'x-timer': 'S1441632930.750438,VS0,VE0',
22 silly get     vary: 'Accept' } ]
23 verbose get saving bower to /Users/jonathanroot/.npm/registry.npmjs.org/bower/.cache.json
24 silly addNameRange number 2 { name: 'bower', range: '*', hasData: true }
25 silly addNameRange versions [ 'bower',
25 silly addNameRange   [ '0.1.0',
25 silly addNameRange     '0.1.2',
25 silly addNameRange     '0.1.3',
25 silly addNameRange     '0.2.0',
25 silly addNameRange     '0.3.0',
25 silly addNameRange     '0.3.1',
25 silly addNameRange     '0.3.2',
25 silly addNameRange     '0.4.0',
25 silly addNameRange     '0.5.0',
25 silly addNameRange     '0.5.1',
25 silly addNameRange     '0.6.0',
25 silly addNameRange     '0.6.1',
25 silly addNameRange     '0.6.2',
25 silly addNameRange     '0.6.3',
25 silly addNameRange     '0.6.4',
25 silly addNameRange     '0.6.5',
25 silly addNameRange     '0.6.6',
25 silly addNameRange     '0.6.7',
25 silly addNameRange     '0.6.8',
25 silly addNameRange     '0.7.0',
25 silly addNameRange     '0.7.1',
25 silly addNameRange     '0.8.0',
25 silly addNameRange     '0.8.1',
25 silly addNameRange     '0.8.2',
25 silly addNameRange     '0.8.3',
25 silly addNameRange     '0.8.4',
25 silly addNameRange     '0.8.5',
25 silly addNameRange     '0.8.6',
25 silly addNameRange     '0.9.0',
25 silly addNameRange     '0.9.1',
25 silly addNameRange     '0.9.2',
25 silly addNameRange     '0.10.0',
25 silly addNameRange     '1.0.0',
25 silly addNameRange     '1.0.1',
25 silly addNameRange     '1.0.2',
25 silly addNameRange     '1.0.3',
25 silly addNameRange     '1.1.0',
25 silly addNameRange     '1.1.1',
25 silly addNameRange     '1.1.2',
25 silly addNameRange     '1.2.0',
25 silly addNameRange     '1.2.1',
25 silly addNameRange     '1.2.2',
25 silly addNameRange     '1.2.3',
25 silly addNameRange     '1.2.4',
25 silly addNameRange     '1.2.5',
25 silly addNameRange     '1.2.6',
25 silly addNameRange     '1.2.7',
25 silly addNameRange     '1.2.8',
25 silly addNameRange     '1.3.0',
25 silly addNameRange     '1.3.1',
25 silly addNameRange     '1.3.2',
25 silly addNameRange     '1.3.3',
25 silly addNameRange     '1.3.4',
25 silly addNameRange     '1.3.5',
25 silly addNameRange     '1.3.6',
25 silly addNameRange     '1.3.7',
25 silly addNameRange     '1.3.8',
25 silly addNameRange     '1.3.9',
25 silly addNameRange     '1.3.10',
25 silly addNameRange     '1.3.11',
25 silly addNameRange     '1.3.12',
25 silly addNameRange     '1.4.0',
25 silly addNameRange     '1.4.1',
25 silly addNameRange     '1.5.0',
25 silly addNameRange     '1.5.1',
25 silly addNameRange     '1.5.2' ] ]
26 verbose addNamed bower@1.5.2
27 silly addNamed semver.valid 1.5.2
28 silly addNamed semver.validRange 1.5.2
29 silly mapToRegistry name bower
30 silly mapToRegistry using default registry
31 silly mapToRegistry registry https://registry.npmjs.org/
32 silly mapToRegistry uri https://registry.npmjs.org/bower
33 verbose addRemoteTarball https://registry.npmjs.org/bower/-/bower-1.5.2.tgz not in flight; adding
34 verbose addRemoteTarball [ 'https://registry.npmjs.org/bower/-/bower-1.5.2.tgz',
34 verbose addRemoteTarball   'be291d6c36f1740779abff1c61aca5633e265327' ]
35 info retry fetch attempt 1 at 6:35:31 AM
36 info attempt registry request try #1 at 6:35:31 AM
37 http fetch GET https://registry.npmjs.org/bower/-/bower-1.5.2.tgz
38 http fetch 200 https://registry.npmjs.org/bower/-/bower-1.5.2.tgz
39 silly fetchAndShaCheck shasum be291d6c36f1740779abff1c61aca5633e265327
40 verbose addTmpTarball /var/folders/tg/7l39qkbs3t791ld1tltq9ldm0000gn/T/npm-86218-30f95471/registry.npmjs.org/bower/-/bower-1.5.2.tgz not in flight; adding
41 verbose addTmpTarball already have metadata; skipping unpack for bower@1.5.2
42 silly cache afterAdd bower@1.5.2
43 verbose afterAdd /Users/jonathanroot/.npm/bower/1.5.2/package/package.json not in flight; writing
44 verbose afterAdd /Users/jonathanroot/.npm/bower/1.5.2/package/package.json written
45 silly install resolved [ { name: 'bower',
45 silly install resolved     version: '1.5.2',
45 silly install resolved     description: 'The browser package manager',
45 silly install resolved     author: { name: 'Twitter' },
45 silly install resolved     license: 'MIT',
45 silly install resolved     repository: { type: 'git', url: 'git+https://github.com/bower/bower.git' },
45 silly install resolved     main: 'lib',
45 silly install resolved     homepage: 'http://bower.io',
45 silly install resolved     engines: { node: '>=0.10.0' },
45 silly install resolved     dependencies:
45 silly install resolved      { abbrev: '^1.0.5',
45 silly install resolved        archy: '1.0.0',
45 silly install resolved        'bower-config': '^0.6.1',
45 silly install resolved        'bower-endpoint-parser': '^0.2.2',
45 silly install resolved        'bower-json': '^0.4.0',
45 silly install resolved        'bower-logger': '^0.2.2',
45 silly install resolved        'bower-registry-client': '^0.3.0',
45 silly install resolved        cardinal: '0.4.4',
45 silly install resolved        chalk: '^1.0.0',
45 silly install resolved        chmodr: '0.1.0',
45 silly install resolved        configstore: '^0.3.2',
45 silly install resolved        'decompress-zip': '^0.1.0',
45 silly install resolved        'deep-sort-object': '~0.1.1',
45 silly install resolved        fstream: '^1.0.3',
45 silly install resolved        'fstream-ignore': '^1.0.2',
45 silly install resolved        github: '^0.2.3',
45 silly install resolved        glob: '^4.3.2',
45 silly install resolved        'graceful-fs': '^3.0.5',
45 silly install resolved        handlebars: '^2.0.0',
45 silly install resolved        inquirer: '0.8.0',
45 silly install resolved        insight: '^0.5.0',
45 silly install resolved        'is-root': '^1.0.0',
45 silly install resolved        junk: '^1.0.0',
45 silly install resolved        lockfile: '^1.0.0',
45 silly install resolved        'lru-cache': '^2.5.0',
45 silly install resolved        mkdirp: '0.5.0',
45 silly install resolved        mout: '^0.11.0',
45 silly install resolved        nopt: '^3.0.1',
45 silly install resolved        opn: '^1.0.1',
45 silly install resolved        'p-throttler': '0.1.1',
45 silly install resolved        promptly: '0.2.0',
45 silly install resolved        q: '^1.1.2',
45 silly install resolved        request: '2.53.0',
45 silly install resolved        'request-progress': '0.3.1',
45 silly install resolved        retry: '0.6.1',
45 silly install resolved        rimraf: '^2.2.8',
45 silly install resolved        semver: '^2.3.0',
45 silly install resolved        'shell-quote': '^1.4.2',
45 silly install resolved        'stringify-object': '^1.0.0',
45 silly install resolved        'tar-fs': '^1.4.1',
45 silly install resolved        tmp: '0.0.24',
45 silly install resolved        'update-notifier': '^0.3.0',
45 silly install resolved        'user-home': '^1.1.0',
45 silly install resolved        which: '^1.0.8' },
45 silly install resolved     devDependencies:
45 silly install resolved      { chai: '^1.10.0',
45 silly install resolved        coveralls: '^2.11.2',
45 silly install resolved        'expect.js': '^0.3.1',
45 silly install resolved        grunt: '^0.4.5',
45 silly install resolved        'grunt-cli': '^0.1.13',
45 silly install resolved        'grunt-contrib-jshint': '^0.10.0',
45 silly install resolved        'grunt-contrib-watch': '^0.6.1',
45 silly install resolved        'grunt-exec': '^0.4.6',
45 silly install resolved        'grunt-simple-mocha': '^0.4.0',
45 silly install resolved        istanbul: '^0.3.5',
45 silly install resolved        'load-grunt-tasks': '^2.0.0',
45 silly install resolved        mocha: '^2.1.0',
45 silly install resolved        multiline: '^1.0.2',
45 silly install resolved        nock: '^0.56.0',
45 silly install resolved        'node-uuid': '^1.4.2',
45 silly install resolved        proxyquire: '^1.3.0',
45 silly install resolved        'spawn-sync': '^1.0.5' },
45 silly install resolved     scripts: { test: 'grunt test' },
45 silly install resolved     bin: { bower: 'bin/bower' },
45 silly install resolved     files: [ 'bin', 'lib', 'templates' ],
45 silly install resolved     gitHead: '64d990ba102c8491c474dd99605b9a9725e62cbb',
45 silly install resolved     bugs: { url: 'https://github.com/bower/bower/issues' },
45 silly install resolved     _id: 'bower@1.5.2',
45 silly install resolved     _shasum: 'be291d6c36f1740779abff1c61aca5633e265327',
45 silly install resolved     _from: 'bower@*',
45 silly install resolved     _npmVersion: '2.11.3',
45 silly install resolved     _nodeVersion: '0.12.7',
45 silly install resolved     _npmUser: { name: 'sheerun', email: 'sheerun@sher.pl' },
45 silly install resolved     dist:
45 silly install resolved      { shasum: 'be291d6c36f1740779abff1c61aca5633e265327',
45 silly install resolved        tarball: 'http://registry.npmjs.org/bower/-/bower-1.5.2.tgz' },
45 silly install resolved     maintainers: [ [Object], [Object], [Object], [Object], [Object], [Object] ],
45 silly install resolved     directories: {},
45 silly install resolved     _resolved: 'https://registry.npmjs.org/bower/-/bower-1.5.2.tgz' } ]
46 info install bower@1.5.2 into /usr/local/lib
47 info installOne bower@1.5.2
48 verbose installOne of bower to /usr/local/lib not in flight; installing
49 verbose lock using /Users/jonathanroot/.npm/_locks/bower-e8debc5417026b57.lock for /usr/local/lib/node_modules/bower
50 silly install write writing bower 1.5.2 to /usr/local/lib/node_modules/bower
51 silly cache addNamed cb bower@1.5.2
52 verbose unbuild lib/node_modules/bower
53 info preuninstall bower@1.4.1
54 info uninstall bower@1.4.1
55 verbose unbuild rmStuff bower@1.4.1 from /usr/local/lib/node_modules
56 silly gentlyRm /usr/local/bin/bower is being gently removed
57 silly gentlyRm verifying /usr/local is an npm working directory
58 silly gentlyRm containing path /usr/local is under npm's control, in /usr/local
59 silly gentlyRm deletion target /usr/local/bin/bower is under /usr/local
60 verbose gentlyRm vacuuming from /usr/local/bin/bower up to /usr/local
61 silly vacuum-fs removing /usr/local/bin/bower
62 silly vacuum-fs quitting because other entries in /usr/local/bin
63 info postuninstall bower@1.4.1
64 silly gentlyRm /usr/local/lib/node_modules/bower is being purged from base /usr/local
65 verbose gentlyRm don't care about contents; nuking /usr/local/lib/node_modules/bower
66 silly vacuum-fs purging /usr/local/lib/node_modules/bower
67 verbose unlock done using /Users/jonathanroot/.npm/_locks/bower-e8debc5417026b57.lock for /usr/local/lib/node_modules/bower
68 verbose stack Error: EACCES, rmdir '/usr/local/lib/node_modules/bower'
68 verbose stack     at Error (native)
69 verbose cwd /Users/jonathanroot/sites/jonathanRootDesign
70 error Darwin 14.1.0
71 error argv "node" "/usr/local/bin/npm" "install" "-g" "bower"
72 error node v0.12.2
73 error npm  v2.7.4
74 error path /usr/local/lib/node_modules/bower
75 error code EACCES
76 error errno -13
77 error Error: EACCES, rmdir '/usr/local/lib/node_modules/bower'
77 error     at Error (native)
77 error  { [Error: EACCES, rmdir '/usr/local/lib/node_modules/bower']
77 error   errno: -13,
77 error   code: 'EACCES',
77 error   path: '/usr/local/lib/node_modules/bower' }
78 error Please try running this command again as root/Administrator.
79 verbose exit [ -13, true ]
80 verbose unbuild lib/node_modules/bower
81 info preuninstall bower@1.4.1
82 info uninstall bower@1.4.1
83 verbose unbuild rmStuff bower@1.4.1 from /usr/local/lib/node_modules
84 silly gentlyRm /usr/local/bin/bower is being gently removed
85 silly gentlyRm verifying /usr/local is an npm working directory
86 silly gentlyRm containing path /usr/local is under npm's control, in /usr/local
87 silly gentlyRm deletion target /usr/local/bin/bower is under /usr/local
88 verbose gentlyRm vacuuming from /usr/local/bin/bower up to /usr/local
89 info postuninstall bower@1.4.1
90 silly gentlyRm /usr/local/lib/node_modules/bower is being purged from base /usr/local
91 verbose gentlyRm don't care about contents; nuking /usr/local/lib/node_modules/bower
92 silly vacuum-fs purging /usr/local/lib/node_modules/bower
93 error error rolling back Error: EACCES, rmdir '/usr/local/lib/node_modules/bower'
93 error error rolling back     at Error (native)
93 error error rolling back  { [Error: EACCES, rmdir '/usr/local/lib/node_modules/bower']
93 error error rolling back   errno: -13,
93 error error rolling back   code: 'EACCES',
93 error error rolling back   path: '/usr/local/lib/node_modules/bower' }
